<?xml version="1.0" encoding="UTF-8"?>
<testng-results skipped="0" failed="1" ignored="0" total="11" passed="10">
  <reporter-output>
    <line>
      <![CDATA[Home Page is successful]]>
    </line>
    <line>
      <![CDATA[Home Page is successful]]>
    </line>
    <line>
      <![CDATA[Home Page is successful]]>
    </line>
    <line>
      <![CDATA[Home Page is successful]]>
    </line>
    <line>
      <![CDATA[attached detailed report :C:\Users\ravkumar\workspace\Service_Center\Reports\RunReport -20-Jun-2019\ExtentReport-20-Jun-2019__10_25_35AM.html]]>
    </line>
  </reporter-output>
  <suite name="Default suite" duration-ms="2050510" started-at="2019-06-20T04:55:35Z" finished-at="2019-06-20T05:29:45Z">
    <groups>
    </groups>
    <test name="Default test" duration-ms="2050510" started-at="2019-06-20T04:55:35Z" finished-at="2019-06-20T05:29:45Z">
      <class name="com.hpi.TestScripts.Verify_ServiceCenter_AutomationFlow">
        <test-method status="PASS" signature="startReport()[pri:0, instance:com.hpi.TestScripts.Verify_ServiceCenter_AutomationFlow@47db50c5]" name="startReport" is-config="true" duration-ms="262" started-at="2019-06-20T04:55:35Z" finished-at="2019-06-20T04:55:35Z">
          <reporter-output>
          </reporter-output>
        </test-method> <!-- startReport -->
        <test-method status="PASS" signature="init(java.lang.String, java.lang.String)[pri:0, instance:com.hpi.TestScripts.Verify_ServiceCenter_AutomationFlow@47db50c5]" name="init" is-config="true" duration-ms="5296" started-at="2019-06-20T04:55:36Z" finished-at="2019-06-20T04:55:41Z">
          <params>
            <param index="0">
              <value>
                <![CDATA[Chrome]]>
              </value>
            </param>
            <param index="1">
              <value>
                <![CDATA[https://daily.gsbprint.net/pwi-sc/#/]]>
              </value>
            </param>
          </params>
          <reporter-output>
          </reporter-output>
        </test-method> <!-- init -->
        <test-method status="FAIL" signature="verifyServiceCenterAutomationFlow_DirectFlow([Ljava.lang.String;)[pri:1, instance:com.hpi.TestScripts.Verify_ServiceCenter_AutomationFlow@47db50c5]" name="verifyServiceCenterAutomationFlow_DirectFlow" duration-ms="114487" started-at="2019-06-20T04:55:41Z" data-provider="ExcelTestData" finished-at="2019-06-20T04:57:36Z">
          <params>
            <param index="0">
              <value>
                <![CDATA[[Ljava.lang.String;@2650f79]]>
              </value>
            </param>
          </params>
          <exception class="java.lang.AssertionError">
            <message>
              <![CDATA[Unable to create a Direct Case]]>
            </message>
            <full-stacktrace>
              <![CDATA[java.lang.AssertionError: Unable to create a Direct Case
at org.testng.Assert.fail(Assert.java:96)
at com.hpi.PageActions.PageElements_Methods.createCaseWith_MultipleAttachments(PageElements_Methods.java:753)
at com.hpi.TestScripts.Verify_ServiceCenter_AutomationFlow.verifyServiceCenterAutomationFlow_DirectFlow(Verify_ServiceCenter_AutomationFlow.java:81)
at sun.reflect.NativeMethodAccessorImpl.invoke0(Native Method)
at sun.reflect.NativeMethodAccessorImpl.invoke(NativeMethodAccessorImpl.java:62)
at sun.reflect.DelegatingMethodAccessorImpl.invoke(DelegatingMethodAccessorImpl.java:43)
at java.lang.reflect.Method.invoke(Method.java:498)
at org.testng.internal.MethodInvocationHelper.invokeMethod(MethodInvocationHelper.java:124)
at org.testng.internal.Invoker.invokeMethod(Invoker.java:580)
at org.testng.internal.Invoker.invokeTestMethod(Invoker.java:716)
at org.testng.internal.Invoker.invokeTestMethods(Invoker.java:988)
at org.testng.internal.TestMethodWorker.invokeTestMethods(TestMethodWorker.java:125)
at org.testng.internal.TestMethodWorker.run(TestMethodWorker.java:109)
at org.testng.TestRunner.privateRun(TestRunner.java:648)
at org.testng.TestRunner.run(TestRunner.java:505)
at org.testng.SuiteRunner.runTest(SuiteRunner.java:455)
at org.testng.SuiteRunner.runSequentially(SuiteRunner.java:450)
at org.testng.SuiteRunner.privateRun(SuiteRunner.java:415)
at org.testng.SuiteRunner.run(SuiteRunner.java:364)
at org.testng.SuiteRunnerWorker.runSuite(SuiteRunnerWorker.java:52)
at org.testng.SuiteRunnerWorker.run(SuiteRunnerWorker.java:84)
at org.testng.TestNG.runSuitesSequentially(TestNG.java:1208)
at org.testng.TestNG.runSuitesLocally(TestNG.java:1137)
at org.testng.TestNG.runSuites(TestNG.java:1049)
at org.testng.TestNG.run(TestNG.java:1017)
at org.testng.remote.AbstractRemoteTestNG.run(AbstractRemoteTestNG.java:114)
at org.testng.remote.RemoteTestNG.initAndRun(RemoteTestNG.java:251)
at org.testng.remote.RemoteTestNG.main(RemoteTestNG.java:77)
]]>
            </full-stacktrace>
          </exception> <!-- java.lang.AssertionError -->
          <reporter-output>
            <line>
              <![CDATA[Home Page is successful]]>
            </line>
          </reporter-output>
        </test-method> <!-- verifyServiceCenterAutomationFlow_DirectFlow -->
        <test-method status="PASS" signature="getResult(org.testng.ITestResult)[pri:0, instance:com.hpi.TestScripts.Verify_ServiceCenter_AutomationFlow@47db50c5]" name="getResult" is-config="true" duration-ms="2681" started-at="2019-06-20T04:57:36Z" finished-at="2019-06-20T04:57:38Z">
          <params>
            <param index="0">
              <value>
                <![CDATA[[TestResult name=verifyServiceCenterAutomationFlow_DirectFlow status=FAILURE method=Verify_ServiceCenter_AutomationFlow.verifyServiceCenterAutomationFlow_DirectFlow([Ljava.lang.String;)[pri:1, instance:com.hpi.TestScripts.Verify_ServiceCenter_AutomationFlow@47db50c5] output=Home Page is successful]]]>
              </value>
            </param>
          </params>
          <reporter-output>
          </reporter-output>
        </test-method> <!-- getResult -->
        <test-method status="PASS" signature="init(java.lang.String, java.lang.String)[pri:0, instance:com.hpi.TestScripts.Verify_ServiceCenter_AutomationFlow@47db50c5]" name="init" is-config="true" duration-ms="5209" started-at="2019-06-20T04:57:38Z" finished-at="2019-06-20T04:57:44Z">
          <params>
            <param index="0">
              <value>
                <![CDATA[Chrome]]>
              </value>
            </param>
            <param index="1">
              <value>
                <![CDATA[https://daily.gsbprint.net/pwi-sc/#/]]>
              </value>
            </param>
          </params>
          <reporter-output>
          </reporter-output>
        </test-method> <!-- init -->
        <test-method status="PASS" signature="verifyServiceCenterAutomationFlow_InDirectFlow([Ljava.lang.String;)[pri:2, instance:com.hpi.TestScripts.Verify_ServiceCenter_AutomationFlow@47db50c5]" name="verifyServiceCenterAutomationFlow_InDirectFlow" duration-ms="150265" started-at="2019-06-20T04:57:44Z" data-provider="ExcelTestData" finished-at="2019-06-20T05:00:14Z">
          <params>
            <param index="0">
              <value>
                <![CDATA[[Ljava.lang.String;@38af1bf6]]>
              </value>
            </param>
          </params>
          <reporter-output>
          </reporter-output>
        </test-method> <!-- verifyServiceCenterAutomationFlow_InDirectFlow -->
        <test-method status="PASS" signature="getResult(org.testng.ITestResult)[pri:0, instance:com.hpi.TestScripts.Verify_ServiceCenter_AutomationFlow@47db50c5]" name="getResult" is-config="true" duration-ms="2359" started-at="2019-06-20T05:00:14Z" finished-at="2019-06-20T05:00:16Z">
          <params>
            <param index="0">
              <value>
                <![CDATA[[TestResult name=verifyServiceCenterAutomationFlow_InDirectFlow status=SUCCESS method=Verify_ServiceCenter_AutomationFlow.verifyServiceCenterAutomationFlow_InDirectFlow([Ljava.lang.String;)[pri:2, instance:com.hpi.TestScripts.Verify_ServiceCenter_AutomationFlow@47db50c5] output={null}]]]>
              </value>
            </param>
          </params>
          <reporter-output>
          </reporter-output>
        </test-method> <!-- getResult -->
        <test-method status="PASS" signature="init(java.lang.String, java.lang.String)[pri:0, instance:com.hpi.TestScripts.Verify_ServiceCenter_AutomationFlow@47db50c5]" name="init" is-config="true" duration-ms="4474" started-at="2019-06-20T05:00:16Z" finished-at="2019-06-20T05:00:21Z">
          <params>
            <param index="0">
              <value>
                <![CDATA[Chrome]]>
              </value>
            </param>
            <param index="1">
              <value>
                <![CDATA[https://daily.gsbprint.net/pwi-sc/#/]]>
              </value>
            </param>
          </params>
          <reporter-output>
          </reporter-output>
        </test-method> <!-- init -->
        <test-method status="PASS" signature="verifyServiceCenter_CreateCaseWith_3MBAttachment_Direct([Ljava.lang.String;)[pri:3, instance:com.hpi.TestScripts.Verify_ServiceCenter_AutomationFlow@47db50c5]" name="verifyServiceCenter_CreateCaseWith_3MBAttachment_Direct" duration-ms="85467" started-at="2019-06-20T05:00:21Z" data-provider="ExcelTestData" finished-at="2019-06-20T05:01:46Z">
          <params>
            <param index="0">
              <value>
                <![CDATA[[Ljava.lang.String;@3abfe845]]>
              </value>
            </param>
          </params>
          <reporter-output>
            <line>
              <![CDATA[Home Page is successful]]>
            </line>
          </reporter-output>
        </test-method> <!-- verifyServiceCenter_CreateCaseWith_3MBAttachment_Direct -->
        <test-method status="PASS" signature="getResult(org.testng.ITestResult)[pri:0, instance:com.hpi.TestScripts.Verify_ServiceCenter_AutomationFlow@47db50c5]" name="getResult" is-config="true" duration-ms="2324" started-at="2019-06-20T05:01:46Z" finished-at="2019-06-20T05:01:49Z">
          <params>
            <param index="0">
              <value>
                <![CDATA[[TestResult name=verifyServiceCenter_CreateCaseWith_3MBAttachment_Direct status=SUCCESS method=Verify_ServiceCenter_AutomationFlow.verifyServiceCenter_CreateCaseWith_3MBAttachment_Direct([Ljava.lang.String;)[pri:3, instance:com.hpi.TestScripts.Verify_ServiceCenter_AutomationFlow@47db50c5] output=Home Page is successful]]]>
              </value>
            </param>
          </params>
          <reporter-output>
          </reporter-output>
        </test-method> <!-- getResult -->
        <test-method status="PASS" signature="init(java.lang.String, java.lang.String)[pri:0, instance:com.hpi.TestScripts.Verify_ServiceCenter_AutomationFlow@47db50c5]" name="init" is-config="true" duration-ms="5133" started-at="2019-06-20T05:01:49Z" finished-at="2019-06-20T05:01:54Z">
          <params>
            <param index="0">
              <value>
                <![CDATA[Chrome]]>
              </value>
            </param>
            <param index="1">
              <value>
                <![CDATA[https://daily.gsbprint.net/pwi-sc/#/]]>
              </value>
            </param>
          </params>
          <reporter-output>
          </reporter-output>
        </test-method> <!-- init -->
        <test-method status="PASS" signature="verifyServiceCenter_CreateCaseWith_3MB_Attachment_InDirect([Ljava.lang.String;)[pri:4, instance:com.hpi.TestScripts.Verify_ServiceCenter_AutomationFlow@47db50c5]" name="verifyServiceCenter_CreateCaseWith_3MB_Attachment_InDirect" duration-ms="84388" started-at="2019-06-20T05:01:54Z" data-provider="ExcelTestData" finished-at="2019-06-20T05:03:18Z">
          <params>
            <param index="0">
              <value>
                <![CDATA[[Ljava.lang.String;@7a0f244f]]>
              </value>
            </param>
          </params>
          <reporter-output>
          </reporter-output>
        </test-method> <!-- verifyServiceCenter_CreateCaseWith_3MB_Attachment_InDirect -->
        <test-method status="PASS" signature="getResult(org.testng.ITestResult)[pri:0, instance:com.hpi.TestScripts.Verify_ServiceCenter_AutomationFlow@47db50c5]" name="getResult" is-config="true" duration-ms="587" started-at="2019-06-20T05:03:18Z" finished-at="2019-06-20T05:03:19Z">
          <params>
            <param index="0">
              <value>
                <![CDATA[[TestResult name=verifyServiceCenter_CreateCaseWith_3MB_Attachment_InDirect status=SUCCESS method=Verify_ServiceCenter_AutomationFlow.verifyServiceCenter_CreateCaseWith_3MB_Attachment_InDirect([Ljava.lang.String;)[pri:4, instance:com.hpi.TestScripts.Verify_ServiceCenter_AutomationFlow@47db50c5] output={null}]]]>
              </value>
            </param>
          </params>
          <reporter-output>
          </reporter-output>
        </test-method> <!-- getResult -->
        <test-method status="PASS" signature="init(java.lang.String, java.lang.String)[pri:0, instance:com.hpi.TestScripts.Verify_ServiceCenter_AutomationFlow@47db50c5]" name="init" is-config="true" duration-ms="4296" started-at="2019-06-20T05:03:19Z" finished-at="2019-06-20T05:03:23Z">
          <params>
            <param index="0">
              <value>
                <![CDATA[Chrome]]>
              </value>
            </param>
            <param index="1">
              <value>
                <![CDATA[https://daily.gsbprint.net/pwi-sc/#/]]>
              </value>
            </param>
          </params>
          <reporter-output>
          </reporter-output>
        </test-method> <!-- init -->
        <test-method status="PASS" signature="verifyServiceCenter_CreateCaseWith_jpegAttachment_Direct([Ljava.lang.String;)[pri:5, instance:com.hpi.TestScripts.Verify_ServiceCenter_AutomationFlow@47db50c5]" name="verifyServiceCenter_CreateCaseWith_jpegAttachment_Direct" duration-ms="296566" started-at="2019-06-20T05:03:23Z" data-provider="ExcelTestData" finished-at="2019-06-20T05:08:20Z">
          <params>
            <param index="0">
              <value>
                <![CDATA[[Ljava.lang.String;@3672276e]]>
              </value>
            </param>
          </params>
          <reporter-output>
            <line>
              <![CDATA[Home Page is successful]]>
            </line>
          </reporter-output>
        </test-method> <!-- verifyServiceCenter_CreateCaseWith_jpegAttachment_Direct -->
        <test-method status="PASS" signature="getResult(org.testng.ITestResult)[pri:0, instance:com.hpi.TestScripts.Verify_ServiceCenter_AutomationFlow@47db50c5]" name="getResult" is-config="true" duration-ms="2327" started-at="2019-06-20T05:08:20Z" finished-at="2019-06-20T05:08:22Z">
          <params>
            <param index="0">
              <value>
                <![CDATA[[TestResult name=verifyServiceCenter_CreateCaseWith_jpegAttachment_Direct status=SUCCESS method=Verify_ServiceCenter_AutomationFlow.verifyServiceCenter_CreateCaseWith_jpegAttachment_Direct([Ljava.lang.String;)[pri:5, instance:com.hpi.TestScripts.Verify_ServiceCenter_AutomationFlow@47db50c5] output=Home Page is successful]]]>
              </value>
            </param>
          </params>
          <reporter-output>
          </reporter-output>
        </test-method> <!-- getResult -->
        <test-method status="PASS" signature="init(java.lang.String, java.lang.String)[pri:0, instance:com.hpi.TestScripts.Verify_ServiceCenter_AutomationFlow@47db50c5]" name="init" is-config="true" duration-ms="4316" started-at="2019-06-20T05:08:22Z" finished-at="2019-06-20T05:08:27Z">
          <params>
            <param index="0">
              <value>
                <![CDATA[Chrome]]>
              </value>
            </param>
            <param index="1">
              <value>
                <![CDATA[https://daily.gsbprint.net/pwi-sc/#/]]>
              </value>
            </param>
          </params>
          <reporter-output>
          </reporter-output>
        </test-method> <!-- init -->
        <test-method status="PASS" signature="verifyServiceCenter_CreateCaseWith_jpegAttachment_InDirect([Ljava.lang.String;)[pri:6, instance:com.hpi.TestScripts.Verify_ServiceCenter_AutomationFlow@47db50c5]" name="verifyServiceCenter_CreateCaseWith_jpegAttachment_InDirect" duration-ms="102171" started-at="2019-06-20T05:08:27Z" data-provider="ExcelTestData" finished-at="2019-06-20T05:10:09Z">
          <params>
            <param index="0">
              <value>
                <![CDATA[[Ljava.lang.String;@4248b963]]>
              </value>
            </param>
          </params>
          <reporter-output>
          </reporter-output>
        </test-method> <!-- verifyServiceCenter_CreateCaseWith_jpegAttachment_InDirect -->
        <test-method status="PASS" signature="getResult(org.testng.ITestResult)[pri:0, instance:com.hpi.TestScripts.Verify_ServiceCenter_AutomationFlow@47db50c5]" name="getResult" is-config="true" duration-ms="2380" started-at="2019-06-20T05:10:09Z" finished-at="2019-06-20T05:10:11Z">
          <params>
            <param index="0">
              <value>
                <![CDATA[[TestResult name=verifyServiceCenter_CreateCaseWith_jpegAttachment_InDirect status=SUCCESS method=Verify_ServiceCenter_AutomationFlow.verifyServiceCenter_CreateCaseWith_jpegAttachment_InDirect([Ljava.lang.String;)[pri:6, instance:com.hpi.TestScripts.Verify_ServiceCenter_AutomationFlow@47db50c5] output={null}]]]>
              </value>
            </param>
          </params>
          <reporter-output>
          </reporter-output>
        </test-method> <!-- getResult -->
        <test-method status="PASS" signature="init(java.lang.String, java.lang.String)[pri:0, instance:com.hpi.TestScripts.Verify_ServiceCenter_AutomationFlow@47db50c5]" name="init" is-config="true" duration-ms="4321" started-at="2019-06-20T05:10:11Z" finished-at="2019-06-20T05:10:16Z">
          <params>
            <param index="0">
              <value>
                <![CDATA[Chrome]]>
              </value>
            </param>
            <param index="1">
              <value>
                <![CDATA[https://daily.gsbprint.net/pwi-sc/#/]]>
              </value>
            </param>
          </params>
          <reporter-output>
          </reporter-output>
        </test-method> <!-- init -->
        <test-method status="PASS" signature="verifyServiceCenter_CreateCaseWith_pdfAttachment_InDirect([Ljava.lang.String;)[pri:8, instance:com.hpi.TestScripts.Verify_ServiceCenter_AutomationFlow@47db50c5]" name="verifyServiceCenter_CreateCaseWith_pdfAttachment_InDirect" duration-ms="130155" started-at="2019-06-20T05:10:16Z" data-provider="ExcelTestData" finished-at="2019-06-20T05:12:26Z">
          <params>
            <param index="0">
              <value>
                <![CDATA[[Ljava.lang.String;@7f08caf]]>
              </value>
            </param>
          </params>
          <reporter-output>
          </reporter-output>
        </test-method> <!-- verifyServiceCenter_CreateCaseWith_pdfAttachment_InDirect -->
        <test-method status="PASS" signature="getResult(org.testng.ITestResult)[pri:0, instance:com.hpi.TestScripts.Verify_ServiceCenter_AutomationFlow@47db50c5]" name="getResult" is-config="true" duration-ms="2284" started-at="2019-06-20T05:12:26Z" finished-at="2019-06-20T05:12:28Z">
          <params>
            <param index="0">
              <value>
                <![CDATA[[TestResult name=verifyServiceCenter_CreateCaseWith_pdfAttachment_InDirect status=SUCCESS method=Verify_ServiceCenter_AutomationFlow.verifyServiceCenter_CreateCaseWith_pdfAttachment_InDirect([Ljava.lang.String;)[pri:8, instance:com.hpi.TestScripts.Verify_ServiceCenter_AutomationFlow@47db50c5] output={null}]]]>
              </value>
            </param>
          </params>
          <reporter-output>
          </reporter-output>
        </test-method> <!-- getResult -->
        <test-method status="PASS" signature="init(java.lang.String, java.lang.String)[pri:0, instance:com.hpi.TestScripts.Verify_ServiceCenter_AutomationFlow@47db50c5]" name="init" is-config="true" duration-ms="5047" started-at="2019-06-20T05:12:28Z" finished-at="2019-06-20T05:12:33Z">
          <params>
            <param index="0">
              <value>
                <![CDATA[Chrome]]>
              </value>
            </param>
            <param index="1">
              <value>
                <![CDATA[https://daily.gsbprint.net/pwi-sc/#/]]>
              </value>
            </param>
          </params>
          <reporter-output>
          </reporter-output>
        </test-method> <!-- init -->
        <test-method status="PASS" signature="verifyServiceCenter_CreateCaseWith_textAttachment_Direct([Ljava.lang.String;)[pri:9, instance:com.hpi.TestScripts.Verify_ServiceCenter_AutomationFlow@47db50c5]" name="verifyServiceCenter_CreateCaseWith_textAttachment_Direct" duration-ms="350395" started-at="2019-06-20T05:12:33Z" data-provider="ExcelTestData" finished-at="2019-06-20T05:18:24Z">
          <params>
            <param index="0">
              <value>
                <![CDATA[[Ljava.lang.String;@4defd42]]>
              </value>
            </param>
          </params>
          <reporter-output>
            <line>
              <![CDATA[Home Page is successful]]>
            </line>
          </reporter-output>
        </test-method> <!-- verifyServiceCenter_CreateCaseWith_textAttachment_Direct -->
        <test-method status="PASS" signature="getResult(org.testng.ITestResult)[pri:0, instance:com.hpi.TestScripts.Verify_ServiceCenter_AutomationFlow@47db50c5]" name="getResult" is-config="true" duration-ms="2668" started-at="2019-06-20T05:18:24Z" finished-at="2019-06-20T05:18:26Z">
          <params>
            <param index="0">
              <value>
                <![CDATA[[TestResult name=verifyServiceCenter_CreateCaseWith_textAttachment_Direct status=SUCCESS method=Verify_ServiceCenter_AutomationFlow.verifyServiceCenter_CreateCaseWith_textAttachment_Direct([Ljava.lang.String;)[pri:9, instance:com.hpi.TestScripts.Verify_ServiceCenter_AutomationFlow@47db50c5] output=Home Page is successful]]]>
              </value>
            </param>
          </params>
          <reporter-output>
          </reporter-output>
        </test-method> <!-- getResult -->
        <test-method status="PASS" signature="init(java.lang.String, java.lang.String)[pri:0, instance:com.hpi.TestScripts.Verify_ServiceCenter_AutomationFlow@47db50c5]" name="init" is-config="true" duration-ms="5226" started-at="2019-06-20T05:18:26Z" finished-at="2019-06-20T05:18:32Z">
          <params>
            <param index="0">
              <value>
                <![CDATA[Chrome]]>
              </value>
            </param>
            <param index="1">
              <value>
                <![CDATA[https://daily.gsbprint.net/pwi-sc/#/]]>
              </value>
            </param>
          </params>
          <reporter-output>
          </reporter-output>
        </test-method> <!-- init -->
        <test-method status="PASS" signature="verifyServiceCenter_CreateCaseWith_textAttachment_InDirect([Ljava.lang.String;)[pri:10, instance:com.hpi.TestScripts.Verify_ServiceCenter_AutomationFlow@47db50c5]" name="verifyServiceCenter_CreateCaseWith_textAttachment_InDirect" duration-ms="107869" started-at="2019-06-20T05:18:32Z" data-provider="ExcelTestData" finished-at="2019-06-20T05:20:20Z">
          <params>
            <param index="0">
              <value>
                <![CDATA[[Ljava.lang.String;@2330e3e0]]>
              </value>
            </param>
          </params>
          <reporter-output>
          </reporter-output>
        </test-method> <!-- verifyServiceCenter_CreateCaseWith_textAttachment_InDirect -->
        <test-method status="PASS" signature="getResult(org.testng.ITestResult)[pri:0, instance:com.hpi.TestScripts.Verify_ServiceCenter_AutomationFlow@47db50c5]" name="getResult" is-config="true" duration-ms="2321" started-at="2019-06-20T05:20:20Z" finished-at="2019-06-20T05:20:22Z">
          <params>
            <param index="0">
              <value>
                <![CDATA[[TestResult name=verifyServiceCenter_CreateCaseWith_textAttachment_InDirect status=SUCCESS method=Verify_ServiceCenter_AutomationFlow.verifyServiceCenter_CreateCaseWith_textAttachment_InDirect([Ljava.lang.String;)[pri:10, instance:com.hpi.TestScripts.Verify_ServiceCenter_AutomationFlow@47db50c5] output={null}]]]>
              </value>
            </param>
          </params>
          <reporter-output>
          </reporter-output>
        </test-method> <!-- getResult -->
        <test-method status="PASS" signature="init(java.lang.String, java.lang.String)[pri:0, instance:com.hpi.TestScripts.Verify_ServiceCenter_AutomationFlow@47db50c5]" name="init" is-config="true" duration-ms="4365" started-at="2019-06-20T05:20:22Z" finished-at="2019-06-20T05:20:26Z">
          <params>
            <param index="0">
              <value>
                <![CDATA[Chrome]]>
              </value>
            </param>
            <param index="1">
              <value>
                <![CDATA[https://daily.gsbprint.net/pwi-sc/#/]]>
              </value>
            </param>
          </params>
          <reporter-output>
          </reporter-output>
        </test-method> <!-- init -->
        <test-method status="PASS" signature="verifyServiceCenter_CaseNotesTextLimitation_Direct([Ljava.lang.String;)[pri:11, instance:com.hpi.TestScripts.Verify_ServiceCenter_AutomationFlow@47db50c5]" name="verifyServiceCenter_CaseNotesTextLimitation_Direct" duration-ms="391909" started-at="2019-06-20T05:20:26Z" data-provider="ExcelTestData" finished-at="2019-06-20T05:26:58Z">
          <params>
            <param index="0">
              <value>
                <![CDATA[[Ljava.lang.String;@129bd55d]]>
              </value>
            </param>
          </params>
          <reporter-output>
          </reporter-output>
        </test-method> <!-- verifyServiceCenter_CaseNotesTextLimitation_Direct -->
        <test-method status="PASS" signature="getResult(org.testng.ITestResult)[pri:0, instance:com.hpi.TestScripts.Verify_ServiceCenter_AutomationFlow@47db50c5]" name="getResult" is-config="true" duration-ms="1077" started-at="2019-06-20T05:26:58Z" finished-at="2019-06-20T05:26:59Z">
          <params>
            <param index="0">
              <value>
                <![CDATA[[TestResult name=verifyServiceCenter_CaseNotesTextLimitation_Direct status=SUCCESS method=Verify_ServiceCenter_AutomationFlow.verifyServiceCenter_CaseNotesTextLimitation_Direct([Ljava.lang.String;)[pri:11, instance:com.hpi.TestScripts.Verify_ServiceCenter_AutomationFlow@47db50c5] output={null}]]]>
              </value>
            </param>
          </params>
          <reporter-output>
          </reporter-output>
        </test-method> <!-- getResult -->
        <test-method status="PASS" signature="init(java.lang.String, java.lang.String)[pri:0, instance:com.hpi.TestScripts.Verify_ServiceCenter_AutomationFlow@47db50c5]" name="init" is-config="true" duration-ms="5541" started-at="2019-06-20T05:26:59Z" finished-at="2019-06-20T05:27:05Z">
          <params>
            <param index="0">
              <value>
                <![CDATA[Chrome]]>
              </value>
            </param>
            <param index="1">
              <value>
                <![CDATA[https://daily.gsbprint.net/pwi-sc/#/]]>
              </value>
            </param>
          </params>
          <reporter-output>
          </reporter-output>
        </test-method> <!-- init -->
        <test-method status="PASS" signature="verifyServiceCenter_CaseNotesTextLimitation_InDirect([Ljava.lang.String;)[pri:12, instance:com.hpi.TestScripts.Verify_ServiceCenter_AutomationFlow@47db50c5]" name="verifyServiceCenter_CaseNotesTextLimitation_InDirect" duration-ms="149006" started-at="2019-06-20T05:27:05Z" data-provider="ExcelTestData" finished-at="2019-06-20T05:29:34Z">
          <params>
            <param index="0">
              <value>
                <![CDATA[[Ljava.lang.String;@7be7e15]]>
              </value>
            </param>
          </params>
          <reporter-output>
          </reporter-output>
        </test-method> <!-- verifyServiceCenter_CaseNotesTextLimitation_InDirect -->
        <test-method status="PASS" signature="getResult(org.testng.ITestResult)[pri:0, instance:com.hpi.TestScripts.Verify_ServiceCenter_AutomationFlow@47db50c5]" name="getResult" is-config="true" duration-ms="2358" started-at="2019-06-20T05:29:34Z" finished-at="2019-06-20T05:29:36Z">
          <params>
            <param index="0">
              <value>
                <![CDATA[[TestResult name=verifyServiceCenter_CaseNotesTextLimitation_InDirect status=SUCCESS method=Verify_ServiceCenter_AutomationFlow.verifyServiceCenter_CaseNotesTextLimitation_InDirect([Ljava.lang.String;)[pri:12, instance:com.hpi.TestScripts.Verify_ServiceCenter_AutomationFlow@47db50c5] output={null}]]]>
              </value>
            </param>
          </params>
          <reporter-output>
          </reporter-output>
        </test-method> <!-- getResult -->
        <test-method status="PASS" signature="endReport()[pri:0, instance:com.hpi.TestScripts.Verify_ServiceCenter_AutomationFlow@47db50c5]" name="endReport" is-config="true" duration-ms="8934" started-at="2019-06-20T05:29:36Z" finished-at="2019-06-20T05:29:45Z">
          <reporter-output>
            <line>
              <![CDATA[attached detailed report :C:\Users\ravkumar\workspace\Service_Center\Reports\RunReport -20-Jun-2019\ExtentReport-20-Jun-2019__10_25_35AM.html]]>
            </line>
          </reporter-output>
        </test-method> <!-- endReport -->
      </class> <!-- com.hpi.TestScripts.Verify_ServiceCenter_AutomationFlow -->
    </test> <!-- Default test -->
  </suite> <!-- Default suite -->
</testng-results>
